[0.116s] DEBUG:colcon:Command line arguments: ['/usr/bin/colcon', 'build', '--packages-select', 'rcl_utils']
[0.116s] DEBUG:colcon:Parsed command line arguments: Namespace(log_base=None, log_level=None, verb_name='build', build_base='build', install_base='install', merge_install=False, symlink_install=False, test_result_base=None, continue_on_error=False, executor='parallel', parallel_workers=8, event_handlers=None, ignore_user_meta=False, metas=['./colcon.meta'], base_paths=['.'], packages_ignore=None, packages_ignore_regex=None, paths=None, packages_up_to=None, packages_up_to_regex=None, packages_above=None, packages_above_and_dependencies=None, packages_above_depth=None, packages_select_by_dep=None, packages_skip_by_dep=None, packages_skip_up_to=None, packages_select_build_failed=False, packages_skip_build_finished=False, packages_select_test_failures=False, packages_skip_test_passed=False, packages_select=['rcl_utils'], packages_skip=None, packages_select_regex=None, packages_skip_regex=None, packages_start=None, packages_end=None, allow_overriding=[], cmake_args=None, cmake_target=None, cmake_target_skip_unavailable=False, cmake_clean_cache=False, cmake_clean_first=False, cmake_force_configure=False, ament_cmake_args=None, catkin_cmake_args=None, catkin_skip_building_tests=False, mixin_files=None, mixin=None, verb_parser=<colcon_mixin.mixin.mixin_argument.MixinArgumentDecorator object at 0x7e388036ac90>, verb_extension=<colcon_core.verb.build.BuildVerb object at 0x7e388049f3b0>, main=<bound method BuildVerb.main of <colcon_core.verb.build.BuildVerb object at 0x7e388049f3b0>>, mixin_verb=('build',))
[0.150s] Level 1:colcon.colcon_core.package_discovery:discover_packages(colcon_meta) check parameters
[0.150s] Level 1:colcon.colcon_core.package_discovery:discover_packages(recursive) check parameters
[0.150s] Level 1:colcon.colcon_core.package_discovery:discover_packages(ignore) check parameters
[0.150s] Level 1:colcon.colcon_core.package_discovery:discover_packages(path) check parameters
[0.150s] Level 1:colcon.colcon_core.package_discovery:discover_packages(colcon_meta) discover
[0.151s] Level 1:colcon.colcon_core.package_discovery:discover_packages(recursive) discover
[0.151s] INFO:colcon.colcon_core.package_discovery:Crawling recursively for packages in '/home/voltamon48/ros_test/src/rcl_utils'
[0.151s] Level 1:colcon.colcon_core.package_identification:_identify(.) by extensions ['ignore', 'ignore_ament_install']
[0.151s] Level 1:colcon.colcon_core.package_identification:_identify(.) by extension 'ignore'
[0.151s] Level 1:colcon.colcon_core.package_identification:_identify(.) by extension 'ignore_ament_install'
[0.151s] Level 1:colcon.colcon_core.package_identification:_identify(.) by extensions ['colcon_pkg']
[0.151s] Level 1:colcon.colcon_core.package_identification:_identify(.) by extension 'colcon_pkg'
[0.151s] Level 1:colcon.colcon_core.package_identification:_identify(.) by extensions ['colcon_meta']
[0.151s] Level 1:colcon.colcon_core.package_identification:_identify(.) by extension 'colcon_meta'
[0.151s] Level 1:colcon.colcon_core.package_identification:_identify(.) by extensions ['ros']
[0.151s] Level 1:colcon.colcon_core.package_identification:_identify(.) by extension 'ros'
[0.175s] DEBUG:colcon.colcon_core.package_identification:Package '.' with type 'ros.ament_cmake' and name 'rcl_utils'
[0.175s] Level 1:colcon.colcon_core.package_discovery:discover_packages(recursive) using defaults
[0.175s] Level 1:colcon.colcon_core.package_discovery:discover_packages(ignore) discover
[0.175s] Level 1:colcon.colcon_core.package_discovery:discover_packages(ignore) using defaults
[0.175s] Level 1:colcon.colcon_core.package_discovery:discover_packages(path) discover
[0.175s] Level 1:colcon.colcon_core.package_discovery:discover_packages(path) using defaults
[0.190s] Level 1:colcon.colcon_core.package_discovery:discover_packages(prefix_path) check parameters
[0.190s] Level 1:colcon.colcon_core.package_discovery:discover_packages(prefix_path) discover
[0.191s] DEBUG:colcon.colcon_installed_package_information.package_discovery:Found 1 installed packages in /home/voltamon48/ros_test/install
[0.192s] DEBUG:colcon.colcon_installed_package_information.package_discovery:Found 198 installed packages in /opt/ros/jazzy
[0.193s] Level 1:colcon.colcon_core.package_discovery:discover_packages(prefix_path) using defaults
[0.222s] Level 5:colcon.colcon_core.verb:set package 'rcl_utils' build argument 'cmake_args' from command line to 'None'
[0.222s] Level 5:colcon.colcon_core.verb:set package 'rcl_utils' build argument 'cmake_target' from command line to 'None'
[0.222s] Level 5:colcon.colcon_core.verb:set package 'rcl_utils' build argument 'cmake_target_skip_unavailable' from command line to 'False'
[0.222s] Level 5:colcon.colcon_core.verb:set package 'rcl_utils' build argument 'cmake_clean_cache' from command line to 'False'
[0.222s] Level 5:colcon.colcon_core.verb:set package 'rcl_utils' build argument 'cmake_clean_first' from command line to 'False'
[0.222s] Level 5:colcon.colcon_core.verb:set package 'rcl_utils' build argument 'cmake_force_configure' from command line to 'False'
[0.222s] Level 5:colcon.colcon_core.verb:set package 'rcl_utils' build argument 'ament_cmake_args' from command line to 'None'
[0.222s] Level 5:colcon.colcon_core.verb:set package 'rcl_utils' build argument 'catkin_cmake_args' from command line to 'None'
[0.222s] Level 5:colcon.colcon_core.verb:set package 'rcl_utils' build argument 'catkin_skip_building_tests' from command line to 'False'
[0.222s] DEBUG:colcon.colcon_core.verb:Building package 'rcl_utils' with the following arguments: {'ament_cmake_args': None, 'build_base': '/home/voltamon48/ros_test/src/rcl_utils/build/rcl_utils', 'catkin_cmake_args': None, 'catkin_skip_building_tests': False, 'cmake_args': None, 'cmake_clean_cache': False, 'cmake_clean_first': False, 'cmake_force_configure': False, 'cmake_target': None, 'cmake_target_skip_unavailable': False, 'install_base': '/home/voltamon48/ros_test/src/rcl_utils/install/rcl_utils', 'merge_install': False, 'path': '/home/voltamon48/ros_test/src/rcl_utils', 'symlink_install': False, 'test_result_base': None}
[0.222s] INFO:colcon.colcon_core.executor:Executing jobs using 'parallel' executor
[0.223s] DEBUG:colcon.colcon_parallel_executor.executor.parallel:run_until_complete
[0.223s] INFO:colcon.colcon_ros.task.ament_cmake.build:Building ROS package in '/home/voltamon48/ros_test/src/rcl_utils' with build type 'ament_cmake'
[0.224s] INFO:colcon.colcon_cmake.task.cmake.build:Building CMake package in '/home/voltamon48/ros_test/src/rcl_utils'
[0.225s] INFO:colcon.colcon_core.plugin_system:Skipping extension 'colcon_core.shell.bat': Not used on non-Windows systems
[0.225s] INFO:colcon.colcon_core.shell:Skip shell extension 'powershell' for command environment: Not usable outside of PowerShell
[0.225s] DEBUG:colcon.colcon_core.shell:Skip shell extension 'dsv' for command environment
[0.233s] DEBUG:colcon.colcon_core.event_handler.log_command:Invoking command in '/home/voltamon48/ros_test/src/rcl_utils/build/rcl_utils': CMAKE_PREFIX_PATH=${CMAKE_PREFIX_PATH}:/opt/ros/jazzy DEBUGINFOD_URLS=https://debuginfod.ubuntu.com /usr/bin/cmake --build /home/voltamon48/ros_test/src/rcl_utils/build/rcl_utils -- -j8 -l8
[0.478s] DEBUG:colcon.colcon_core.event_handler.log_command:Invoked command in '/home/voltamon48/ros_test/src/rcl_utils/build/rcl_utils' returned '0': CMAKE_PREFIX_PATH=${CMAKE_PREFIX_PATH}:/opt/ros/jazzy DEBUGINFOD_URLS=https://debuginfod.ubuntu.com /usr/bin/cmake --build /home/voltamon48/ros_test/src/rcl_utils/build/rcl_utils -- -j8 -l8
[0.486s] DEBUG:colcon.colcon_core.event_handler.log_command:Invoking command in '/home/voltamon48/ros_test/src/rcl_utils/build/rcl_utils': CMAKE_PREFIX_PATH=${CMAKE_PREFIX_PATH}:/opt/ros/jazzy DEBUGINFOD_URLS=https://debuginfod.ubuntu.com /usr/bin/cmake --install /home/voltamon48/ros_test/src/rcl_utils/build/rcl_utils
[0.498s] Level 1:colcon.colcon_core.environment:create_environment_scripts_only(rcl_utils)
[0.499s] DEBUG:colcon.colcon_core.event_handler.log_command:Invoked command in '/home/voltamon48/ros_test/src/rcl_utils/build/rcl_utils' returned '0': CMAKE_PREFIX_PATH=${CMAKE_PREFIX_PATH}:/opt/ros/jazzy DEBUGINFOD_URLS=https://debuginfod.ubuntu.com /usr/bin/cmake --install /home/voltamon48/ros_test/src/rcl_utils/build/rcl_utils
[0.500s] Level 1:colcon.colcon_core.environment:checking '/home/voltamon48/ros_test/src/rcl_utils/install/rcl_utils' for CMake module files
[0.501s] Level 1:colcon.colcon_core.environment:checking '/home/voltamon48/ros_test/src/rcl_utils/install/rcl_utils' for CMake config files
[0.502s] Level 1:colcon.colcon_core.shell:create_environment_hook('rcl_utils', 'cmake_prefix_path')
[0.502s] INFO:colcon.colcon_core.shell:Creating environment hook '/home/voltamon48/ros_test/src/rcl_utils/install/rcl_utils/share/rcl_utils/hook/cmake_prefix_path.ps1'
[0.503s] INFO:colcon.colcon_core.shell:Creating environment descriptor '/home/voltamon48/ros_test/src/rcl_utils/install/rcl_utils/share/rcl_utils/hook/cmake_prefix_path.dsv'
[0.503s] INFO:colcon.colcon_core.shell:Creating environment hook '/home/voltamon48/ros_test/src/rcl_utils/install/rcl_utils/share/rcl_utils/hook/cmake_prefix_path.sh'
[0.504s] Level 1:colcon.colcon_core.environment:checking '/home/voltamon48/ros_test/src/rcl_utils/install/rcl_utils/lib'
[0.504s] Level 1:colcon.colcon_core.environment:checking '/home/voltamon48/ros_test/src/rcl_utils/install/rcl_utils/bin'
[0.504s] Level 1:colcon.colcon_core.environment:checking '/home/voltamon48/ros_test/src/rcl_utils/install/rcl_utils/lib/pkgconfig/rcl_utils.pc'
[0.505s] Level 1:colcon.colcon_core.environment:checking '/home/voltamon48/ros_test/src/rcl_utils/install/rcl_utils/lib/python3.12/site-packages'
[0.505s] Level 1:colcon.colcon_core.environment:checking '/home/voltamon48/ros_test/src/rcl_utils/install/rcl_utils/bin'
[0.505s] INFO:colcon.colcon_core.shell:Creating package script '/home/voltamon48/ros_test/src/rcl_utils/install/rcl_utils/share/rcl_utils/package.ps1'
[0.506s] INFO:colcon.colcon_core.shell:Creating package descriptor '/home/voltamon48/ros_test/src/rcl_utils/install/rcl_utils/share/rcl_utils/package.dsv'
[0.506s] INFO:colcon.colcon_core.shell:Creating package script '/home/voltamon48/ros_test/src/rcl_utils/install/rcl_utils/share/rcl_utils/package.sh'
[0.507s] INFO:colcon.colcon_core.shell:Creating package script '/home/voltamon48/ros_test/src/rcl_utils/install/rcl_utils/share/rcl_utils/package.bash'
[0.507s] INFO:colcon.colcon_core.shell:Creating package script '/home/voltamon48/ros_test/src/rcl_utils/install/rcl_utils/share/rcl_utils/package.zsh'
[0.508s] Level 1:colcon.colcon_core.environment:create_file_with_runtime_dependencies(/home/voltamon48/ros_test/src/rcl_utils/install/rcl_utils/share/colcon-core/packages/rcl_utils)
[0.508s] Level 1:colcon.colcon_core.environment:create_environment_scripts_only(rcl_utils)
[0.509s] Level 1:colcon.colcon_core.environment:checking '/home/voltamon48/ros_test/src/rcl_utils/install/rcl_utils' for CMake module files
[0.509s] Level 1:colcon.colcon_core.environment:checking '/home/voltamon48/ros_test/src/rcl_utils/install/rcl_utils' for CMake config files
[0.509s] Level 1:colcon.colcon_core.shell:create_environment_hook('rcl_utils', 'cmake_prefix_path')
[0.509s] INFO:colcon.colcon_core.shell:Creating environment hook '/home/voltamon48/ros_test/src/rcl_utils/install/rcl_utils/share/rcl_utils/hook/cmake_prefix_path.ps1'
[0.510s] INFO:colcon.colcon_core.shell:Creating environment descriptor '/home/voltamon48/ros_test/src/rcl_utils/install/rcl_utils/share/rcl_utils/hook/cmake_prefix_path.dsv'
[0.510s] INFO:colcon.colcon_core.shell:Creating environment hook '/home/voltamon48/ros_test/src/rcl_utils/install/rcl_utils/share/rcl_utils/hook/cmake_prefix_path.sh'
[0.511s] Level 1:colcon.colcon_core.environment:checking '/home/voltamon48/ros_test/src/rcl_utils/install/rcl_utils/lib'
[0.511s] Level 1:colcon.colcon_core.environment:checking '/home/voltamon48/ros_test/src/rcl_utils/install/rcl_utils/bin'
[0.511s] Level 1:colcon.colcon_core.environment:checking '/home/voltamon48/ros_test/src/rcl_utils/install/rcl_utils/lib/pkgconfig/rcl_utils.pc'
[0.511s] Level 1:colcon.colcon_core.environment:checking '/home/voltamon48/ros_test/src/rcl_utils/install/rcl_utils/lib/python3.12/site-packages'
[0.511s] Level 1:colcon.colcon_core.environment:checking '/home/voltamon48/ros_test/src/rcl_utils/install/rcl_utils/bin'
[0.512s] INFO:colcon.colcon_core.shell:Creating package script '/home/voltamon48/ros_test/src/rcl_utils/install/rcl_utils/share/rcl_utils/package.ps1'
[0.512s] INFO:colcon.colcon_core.shell:Creating package descriptor '/home/voltamon48/ros_test/src/rcl_utils/install/rcl_utils/share/rcl_utils/package.dsv'
[0.513s] INFO:colcon.colcon_core.shell:Creating package script '/home/voltamon48/ros_test/src/rcl_utils/install/rcl_utils/share/rcl_utils/package.sh'
[0.513s] INFO:colcon.colcon_core.shell:Creating package script '/home/voltamon48/ros_test/src/rcl_utils/install/rcl_utils/share/rcl_utils/package.bash'
[0.513s] INFO:colcon.colcon_core.shell:Creating package script '/home/voltamon48/ros_test/src/rcl_utils/install/rcl_utils/share/rcl_utils/package.zsh'
[0.514s] Level 1:colcon.colcon_core.environment:create_file_with_runtime_dependencies(/home/voltamon48/ros_test/src/rcl_utils/install/rcl_utils/share/colcon-core/packages/rcl_utils)
[0.514s] DEBUG:colcon.colcon_parallel_executor.executor.parallel:closing loop
[0.514s] DEBUG:colcon.colcon_parallel_executor.executor.parallel:loop closed
[0.514s] DEBUG:colcon.colcon_parallel_executor.executor.parallel:run_until_complete finished with '0'
[0.514s] DEBUG:colcon.colcon_core.event_reactor:joining thread
[0.519s] INFO:colcon.colcon_core.plugin_system:Skipping extension 'colcon_notification.desktop_notification.terminal_notifier': Not used on non-Darwin systems
[0.519s] INFO:colcon.colcon_core.plugin_system:Skipping extension 'colcon_notification.desktop_notification.win32': Not used on non-Windows systems
[0.519s] INFO:colcon.colcon_notification.desktop_notification:Sending desktop notification using 'notify2'
[0.531s] DEBUG:colcon.colcon_core.event_reactor:joined thread
[0.532s] INFO:colcon.colcon_core.shell:Creating prefix script '/home/voltamon48/ros_test/src/rcl_utils/install/local_setup.ps1'
[0.533s] INFO:colcon.colcon_core.shell:Creating prefix util module '/home/voltamon48/ros_test/src/rcl_utils/install/_local_setup_util_ps1.py'
[0.535s] INFO:colcon.colcon_core.shell:Creating prefix chain script '/home/voltamon48/ros_test/src/rcl_utils/install/setup.ps1'
[0.536s] INFO:colcon.colcon_core.shell:Creating prefix script '/home/voltamon48/ros_test/src/rcl_utils/install/local_setup.sh'
[0.536s] INFO:colcon.colcon_core.shell:Creating prefix util module '/home/voltamon48/ros_test/src/rcl_utils/install/_local_setup_util_sh.py'
[0.537s] INFO:colcon.colcon_core.shell:Creating prefix chain script '/home/voltamon48/ros_test/src/rcl_utils/install/setup.sh'
[0.538s] INFO:colcon.colcon_core.shell:Creating prefix script '/home/voltamon48/ros_test/src/rcl_utils/install/local_setup.bash'
[0.538s] INFO:colcon.colcon_core.shell:Creating prefix chain script '/home/voltamon48/ros_test/src/rcl_utils/install/setup.bash'
[0.539s] INFO:colcon.colcon_core.shell:Creating prefix script '/home/voltamon48/ros_test/src/rcl_utils/install/local_setup.zsh'
[0.540s] INFO:colcon.colcon_core.shell:Creating prefix chain script '/home/voltamon48/ros_test/src/rcl_utils/install/setup.zsh'
